# JRE version: OpenJDK Runtime Environment (8.0_152-b02) (build 1.8.0_152-release-1024-b02)
# Java VM: OpenJDK 64-Bit Server VM (25.152-b02 mixed mode windows-amd64 compressed oops)
Heap:
 PSYoungGen      total 270848K, used 223537K [0x00000000eab00000, 0x0000000100000000, 0x0000000100000000)
  eden space 248832K, 89% used [0x00000000eab00000,0x00000000f854c6f8,0x00000000f9e00000)
  from space 22016K, 0% used [0x00000000f9e00000,0x00000000f9e00000,0x00000000fb380000)
  to   space 22528K, 0% used [0x00000000fea00000,0x00000000fea00000,0x0000000100000000)
 ParOldGen       total 104960K, used 34625K [0x00000000c0000000, 0x00000000c6680000, 0x00000000eab00000)
  object space 104960K, 32% used [0x00000000c0000000,0x00000000c21d07c8,0x00000000c6680000)
 Metaspace       used 69974K, capacity 72812K, committed 73008K, reserved 1112064K
  class space    used 9568K, capacity 10216K, committed 10288K, reserved 1048576K
GC Heap History (10 events):
Event: 27.831 GC heap before
{Heap before GC invocations=10 (full 2):
 PSYoungGen      total 183808K, used 7543K [0x00000000eab00000, 0x00000000f9300000, 0x0000000100000000)
  eden space 170496K, 0% used [0x00000000eab00000,0x00000000eab00000,0x00000000f5180000)
  from space 13312K, 56% used [0x00000000f5e00000,0x00000000f655dca8,0x00000000f6b00000)
  to   space 12800K, 0% used [0x00000000f5180000,0x00000000f5180000,0x00000000f5e00000)
 ParOldGen       total 56320K, used 12085K [0x00000000c0000000, 0x00000000c3700000, 0x00000000eab00000)
  object space 56320K, 21% used [0x00000000c0000000,0x00000000c0bcd758,0x00000000c3700000)
 Metaspace       used 34814K, capacity 35306K, committed 35496K, reserved 1079296K
  class space    used 4855K, capacity 5063K, committed 5168K, reserved 1048576K
Event: 27.933 GC heap after
Heap after GC invocations=10 (full 2):
 PSYoungGen      total 183808K, used 0K [0x00000000eab00000, 0x00000000f9300000, 0x0000000100000000)
  eden space 170496K, 0% used [0x00000000eab00000,0x00000000eab00000,0x00000000f5180000)
  from space 13312K, 0% used [0x00000000f5e00000,0x00000000f5e00000,0x00000000f6b00000)
  to   space 12800K, 0% used [0x00000000f5180000,0x00000000f5180000,0x00000000f5e00000)
 ParOldGen       total 66560K, used 14311K [0x00000000c0000000, 0x00000000c4100000, 0x00000000eab00000)
  object space 66560K, 21% used [0x00000000c0000000,0x00000000c0df9de0,0x00000000c4100000)
 Metaspace       used 34814K, capacity 35306K, committed 35496K, reserved 1079296K
  class space    used 4855K, capacity 5063K, committed 5168K, reserved 1048576K
}
Event: 35.840 GC heap before
{Heap before GC invocations=11 (full 2):
 PSYoungGen      total 183808K, used 170496K [0x00000000eab00000, 0x00000000f9300000, 0x0000000100000000)
  eden space 170496K, 100% used [0x00000000eab00000,0x00000000f5180000,0x00000000f5180000)
  from space 13312K, 0% used [0x00000000f5e00000,0x00000000f5e00000,0x00000000f6b00000)
  to   space 12800K, 0% used [0x00000000f5180000,0x00000000f5180000,0x00000000f5e00000)
 ParOldGen       total 66560K, used 14311K [0x00000000c0000000, 0x00000000c4100000, 0x00000000eab00000)
  object space 66560K, 21% used [0x00000000c0000000,0x00000000c0df9de0,0x00000000c4100000)
 Metaspace       used 47074K, capacity 48052K, committed 48304K, reserved 1091584K
  class space    used 6430K, capacity 6725K, committed 6832K, reserved 1048576K
Event: 35.880 GC heap after
Heap after GC invocations=11 (full 2):
 PSYoungGen      total 183296K, used 12787K [0x00000000eab00000, 0x00000000fc380000, 0x0000000100000000)
  eden space 170496K, 0% used [0x00000000eab00000,0x00000000eab00000,0x00000000f5180000)
  from space 12800K, 99% used [0x00000000f5180000,0x00000000f5dfce98,0x00000000f5e00000)
  to   space 16384K, 0% used [0x00000000fb380000,0x00000000fb380000,0x00000000fc380000)
 ParOldGen       total 66560K, used 19743K [0x00000000c0000000, 0x00000000c4100000, 0x00000000eab00000)
  object space 66560K, 29% used [0x00000000c0000000,0x00000000c1347d00,0x00000000c4100000)
 Metaspace       used 47074K, capacity 48052K, committed 48304K, reserved 1091584K
  class space    used 6430K, capacity 6725K, committed 6832K, reserved 1048576K
}
Event: 41.480 GC heap before
{Heap before GC invocations=12 (full 2):
 PSYoungGen      total 183296K, used 183283K [0x00000000eab00000, 0x00000000fc380000, 0x0000000100000000)
  eden space 170496K, 100% used [0x00000000eab00000,0x00000000f5180000,0x00000000f5180000)
  from space 12800K, 99% used [0x00000000f5180000,0x00000000f5dfce98,0x00000000f5e00000)
  to   space 16384K, 0% used [0x00000000fb380000,0x00000000fb380000,0x00000000fc380000)
 ParOldGen       total 66560K, used 19743K [0x00000000c0000000, 0x00000000c4100000, 0x00000000eab00000)
  object space 66560K, 29% used [0x00000000c0000000,0x00000000c1347d00,0x00000000c4100000)
 Metaspace       used 56198K, capacity 58178K, committed 58288K, reserved 1099776K
  class space    used 7767K, capacity 8270K, committed 8368K, reserved 1048576K
Event: 41.559 GC heap after
Heap after GC invocations=12 (full 2):
 PSYoungGen      total 265216K, used 16365K [0x00000000eab00000, 0x00000000fcc00000, 0x0000000100000000)
  eden space 248832K, 0% used [0x00000000eab00000,0x00000000eab00000,0x00000000f9e00000)
  from space 16384K, 99% used [0x00000000fb380000,0x00000000fc37b608,0x00000000fc380000)
  to   space 22016K, 0% used [0x00000000f9e00000,0x00000000f9e00000,0x00000000fb380000)
 ParOldGen       total 66560K, used 29250K [0x00000000c0000000, 0x00000000c4100000, 0x00000000eab00000)
  object space 66560K, 43% used [0x00000000c0000000,0x00000000c1c90b90,0x00000000c4100000)
 Metaspace       used 56198K, capacity 58178K, committed 58288K, reserved 1099776K
  class space    used 7767K, capacity 8270K, committed 8368K, reserved 1048576K
}
Event: 43.929 GC heap before
{Heap before GC invocations=13 (full 2):
 PSYoungGen      total 265216K, used 60012K [0x00000000eab00000, 0x00000000fcc00000, 0x0000000100000000)
  eden space 248832K, 17% used [0x00000000eab00000,0x00000000ed59fce8,0x00000000f9e00000)
  from space 16384K, 99% used [0x00000000fb380000,0x00000000fc37b608,0x00000000fc380000)
  to   space 22016K, 0% used [0x00000000f9e00000,0x00000000f9e00000,0x00000000fb380000)
 ParOldGen       total 66560K, used 29250K [0x00000000c0000000, 0x00000000c4100000, 0x00000000eab00000)
  object space 66560K, 43% used [0x00000000c0000000,0x00000000c1c90b90,0x00000000c4100000)
 Metaspace       used 57059K, capacity 59138K, committed 59160K, reserved 1099776K
  class space    used 7855K, capacity 8361K, committed 8368K, reserved 1048576K
Event: 43.988 GC heap after
Heap after GC invocations=13 (full 2):
 PSYoungGen      total 270848K, used 2336K [0x00000000eab00000, 0x0000000100000000, 0x0000000100000000)
  eden space 248832K, 0% used [0x00000000eab00000,0x00000000eab00000,0x00000000f9e00000)
  from space 22016K, 10% used [0x00000000f9e00000,0x00000000fa048000,0x00000000fb380000)
  to   space 22528K, 0% used [0x00000000fea00000,0x00000000fea00000,0x0000000100000000)
 ParOldGen       total 66560K, used 45473K [0x00000000c0000000, 0x00000000c4100000, 0x00000000eab00000)
  object space 66560K, 68% used [0x00000000c0000000,0x00000000c2c687a8,0x00000000c4100000)
 Metaspace       used 57059K, capacity 59138K, committed 59160K, reserved 1099776K
  class space    used 7855K, capacity 8361K, committed 8368K, reserved 1048576K
}
Event: 43.988 GC heap before
{Heap before GC invocations=14 (full 3):
 PSYoungGen      total 270848K, used 2336K [0x00000000eab00000, 0x0000000100000000, 0x0000000100000000)
  eden space 248832K, 0% used [0x00000000eab00000,0x00000000eab00000,0x00000000f9e00000)
  from space 22016K, 10% used [0x00000000f9e00000,0x00000000fa048000,0x00000000fb380000)
  to   space 22528K, 0% used [0x00000000fea00000,0x00000000fea00000,0x0000000100000000)
 ParOldGen       total 66560K, used 45473K [0x00000000c0000000, 0x00000000c4100000, 0x00000000eab00000)
  object space 66560K, 68% used [0x00000000c0000000,0x00000000c2c687a8,0x00000000c4100000)
 Metaspace       used 57059K, capacity 59138K, committed 59160K, reserved 1099776K
  class space    used 7855K, capacity 8361K, committed 8368K, reserved 1048576K
Event: 44.517 GC heap after
Heap after GC invocations=14 (full 3):
 PSYoungGen      total 270848K, used 0K [0x00000000eab00000, 0x0000000100000000, 0x0000000100000000)
  eden space 248832K, 0% used [0x00000000eab00000,0x00000000eab00000,0x00000000f9e00000)
  from space 22016K, 0% used [0x00000000f9e00000,0x00000000f9e00000,0x00000000fb380000)
  to   space 22528K, 0% used [0x00000000fea00000,0x00000000fea00000,0x0000000100000000)
 ParOldGen       total 104960K, used 34625K [0x00000000c0000000, 0x00000000c6680000, 0x00000000eab00000)
  object space 104960K, 32% used [0x00000000c0000000,0x00000000c21d07c8,0x00000000c6680000)
 Metaspace       used 57056K, capacity 59132K, committed 59160K, reserved 1099776K
  class space    used 7854K, capacity 8360K, committed 8368K, reserved 1048576K
}

