# JRE version: 7.0_25-b17
# Java VM: Java HotSpot(TM) 64-Bit Server VM (23.25-b01 mixed mode windows-amd64 compressed oops)
Heap
 PSYoungGen      total 68736K, used 29759K [0x00000000eaab0000, 0x00000000ef2f0000, 0x0000000100000000)
  eden space 63488K, 38% used [0x00000000eaab0000,0x00000000ec2a6128,0x00000000ee8b0000)
  from space 5248K, 99% used [0x00000000ee8b0000,0x00000000eedc9d60,0x00000000eedd0000)
  to   space 5248K, 0% used [0x00000000eedd0000,0x00000000eedd0000,0x00000000ef2f0000)
 ParOldGen       total 84480K, used 44611K [0x00000000c0000000, 0x00000000c5280000, 0x00000000eaab0000)
  object space 84480K, 52% used [0x00000000c0000000,0x00000000c2b90f10,0x00000000c5280000)
 PSPermGen       total 21248K, used 6271K [0x00000000bae00000, 0x00000000bc2c0000, 0x00000000c0000000)
  object space 21248K, 29% used [0x00000000bae00000,0x00000000bb41fc50,0x00000000bc2c0000)
GC Heap History (10 events):
Event: 1.770 GC heap before
{Heap before GC invocations=3 (full 0):
 PSYoungGen      total 36992K, used 36983K [0x00000000eaab0000, 0x00000000ef2f0000, 0x0000000100000000)
  eden space 31744K, 100% used [0x00000000eaab0000,0x00000000ec9b0000,0x00000000ec9b0000)
  from space 5248K, 99% used [0x00000000eced0000,0x00000000ed3edc88,0x00000000ed3f0000)
  to   space 5248K, 0% used [0x00000000ec9b0000,0x00000000ec9b0000,0x00000000eced0000)
 ParOldGen       total 84480K, used 2353K [0x00000000c0000000, 0x00000000c5280000, 0x00000000eaab0000)
  object space 84480K, 2% used [0x00000000c0000000,0x00000000c024c4b0,0x00000000c5280000)
 PSPermGen       total 21248K, used 6066K [0x00000000bae00000, 0x00000000bc2c0000, 0x00000000c0000000)
  object space 21248K, 28% used [0x00000000bae00000,0x00000000bb3ec838,0x00000000bc2c0000)
Event: 1.792 GC heap after
Heap after GC invocations=3 (full 0):
 PSYoungGen      total 36992K, used 5235K [0x00000000eaab0000, 0x00000000ef2f0000, 0x0000000100000000)
  eden space 31744K, 0% used [0x00000000eaab0000,0x00000000eaab0000,0x00000000ec9b0000)
  from space 5248K, 99% used [0x00000000ec9b0000,0x00000000ececcef0,0x00000000eced0000)
  to   space 5248K, 0% used [0x00000000eedd0000,0x00000000eedd0000,0x00000000ef2f0000)
 ParOldGen       total 84480K, used 7511K [0x00000000c0000000, 0x00000000c5280000, 0x00000000eaab0000)
  object space 84480K, 8% used [0x00000000c0000000,0x00000000c0755d68,0x00000000c5280000)
 PSPermGen       total 21248K, used 6066K [0x00000000bae00000, 0x00000000bc2c0000, 0x00000000c0000000)
  object space 21248K, 28% used [0x00000000bae00000,0x00000000bb3ec838,0x00000000bc2c0000)
}
Event: 2.135 GC heap before
{Heap before GC invocations=4 (full 0):
 PSYoungGen      total 36992K, used 36979K [0x00000000eaab0000, 0x00000000ef2f0000, 0x0000000100000000)
  eden space 31744K, 100% used [0x00000000eaab0000,0x00000000ec9b0000,0x00000000ec9b0000)
  from space 5248K, 99% used [0x00000000ec9b0000,0x00000000ececcef0,0x00000000eced0000)
  to   space 5248K, 0% used [0x00000000eedd0000,0x00000000eedd0000,0x00000000ef2f0000)
 ParOldGen       total 84480K, used 7511K [0x00000000c0000000, 0x00000000c5280000, 0x00000000eaab0000)
  object space 84480K, 8% used [0x00000000c0000000,0x00000000c0755d68,0x00000000c5280000)
 PSPermGen       total 21248K, used 6094K [0x00000000bae00000, 0x00000000bc2c0000, 0x00000000c0000000)
  object space 21248K, 28% used [0x00000000bae00000,0x00000000bb3f3aa8,0x00000000bc2c0000)
Event: 2.154 GC heap after
Heap after GC invocations=4 (full 0):
 PSYoungGen      total 68736K, used 5235K [0x00000000eaab0000, 0x00000000ef2f0000, 0x0000000100000000)
  eden space 63488K, 0% used [0x00000000eaab0000,0x00000000eaab0000,0x00000000ee8b0000)
  from space 5248K, 99% used [0x00000000eedd0000,0x00000000ef2eced0,0x00000000ef2f0000)
  to   space 5248K, 0% used [0x00000000ee8b0000,0x00000000ee8b0000,0x00000000eedd0000)
 ParOldGen       total 84480K, used 12546K [0x00000000c0000000, 0x00000000c5280000, 0x00000000eaab0000)
  object space 84480K, 14% used [0x00000000c0000000,0x00000000c0c40a60,0x00000000c5280000)
 PSPermGen       total 21248K, used 6094K [0x00000000bae00000, 0x00000000bc2c0000, 0x00000000c0000000)
  object space 21248K, 28% used [0x00000000bae00000,0x00000000bb3f3aa8,0x00000000bc2c0000)
}
Event: 2.848 GC heap before
{Heap before GC invocations=5 (full 0):
 PSYoungGen      total 68736K, used 68723K [0x00000000eaab0000, 0x00000000ef2f0000, 0x0000000100000000)
  eden space 63488K, 100% used [0x00000000eaab0000,0x00000000ee8b0000,0x00000000ee8b0000)
  from space 5248K, 99% used [0x00000000eedd0000,0x00000000ef2eced0,0x00000000ef2f0000)
  to   space 5248K, 0% used [0x00000000ee8b0000,0x00000000ee8b0000,0x00000000eedd0000)
 ParOldGen       total 84480K, used 12546K [0x00000000c0000000, 0x00000000c5280000, 0x00000000eaab0000)
  object space 84480K, 14% used [0x00000000c0000000,0x00000000c0c40a60,0x00000000c5280000)
 PSPermGen       total 21248K, used 6146K [0x00000000bae00000, 0x00000000bc2c0000, 0x00000000c0000000)
  object space 21248K, 28% used [0x00000000bae00000,0x00000000bb400970,0x00000000bc2c0000)
Event: 2.875 GC heap after
Heap after GC invocations=5 (full 0):
 PSYoungGen      total 68736K, used 5219K [0x00000000eaab0000, 0x00000000ef2f0000, 0x0000000100000000)
  eden space 63488K, 0% used [0x00000000eaab0000,0x00000000eaab0000,0x00000000ee8b0000)
  from space 5248K, 99% used [0x00000000ee8b0000,0x00000000eedc8ee0,0x00000000eedd0000)
  to   space 5248K, 0% used [0x00000000eedd0000,0x00000000eedd0000,0x00000000ef2f0000)
 ParOldGen       total 84480K, used 22487K [0x00000000c0000000, 0x00000000c5280000, 0x00000000eaab0000)
  object space 84480K, 26% used [0x00000000c0000000,0x00000000c15f5c88,0x00000000c5280000)
 PSPermGen       total 21248K, used 6146K [0x00000000bae00000, 0x00000000bc2c0000, 0x00000000c0000000)
  object space 21248K, 28% used [0x00000000bae00000,0x00000000bb400970,0x00000000bc2c0000)
}
Event: 3.251 GC heap before
{Heap before GC invocations=6 (full 0):
 PSYoungGen      total 68736K, used 68707K [0x00000000eaab0000, 0x00000000ef2f0000, 0x0000000100000000)
  eden space 63488K, 100% used [0x00000000eaab0000,0x00000000ee8b0000,0x00000000ee8b0000)
  from space 5248K, 99% used [0x00000000ee8b0000,0x00000000eedc8ee0,0x00000000eedd0000)
  to   space 5248K, 0% used [0x00000000eedd0000,0x00000000eedd0000,0x00000000ef2f0000)
 ParOldGen       total 84480K, used 22487K [0x00000000c0000000, 0x00000000c5280000, 0x00000000eaab0000)
  object space 84480K, 26% used [0x00000000c0000000,0x00000000c15f5c88,0x00000000c5280000)
 PSPermGen       total 21248K, used 6171K [0x00000000bae00000, 0x00000000bc2c0000, 0x00000000c0000000)
  object space 21248K, 29% used [0x00000000bae00000,0x00000000bb406c48,0x00000000bc2c0000)
Event: 3.282 GC heap after
Heap after GC invocations=6 (full 0):
 PSYoungGen      total 68736K, used 5229K [0x00000000eaab0000, 0x00000000ef2f0000, 0x0000000100000000)
  eden space 63488K, 0% used [0x00000000eaab0000,0x00000000eaab0000,0x00000000ee8b0000)
  from space 5248K, 99% used [0x00000000eedd0000,0x00000000ef2eb418,0x00000000ef2f0000)
  to   space 5248K, 0% used [0x00000000ee8b0000,0x00000000ee8b0000,0x00000000eedd0000)
 ParOldGen       total 84480K, used 34688K [0x00000000c0000000, 0x00000000c5280000, 0x00000000eaab0000)
  object space 84480K, 41% used [0x00000000c0000000,0x00000000c21e0390,0x00000000c5280000)
 PSPermGen       total 21248K, used 6171K [0x00000000bae00000, 0x00000000bc2c0000, 0x00000000c0000000)
  object space 21248K, 29% used [0x00000000bae00000,0x00000000bb406c48,0x00000000bc2c0000)
}
Event: 3.657 GC heap before
{Heap before GC invocations=7 (full 0):
 PSYoungGen      total 68736K, used 68717K [0x00000000eaab0000, 0x00000000ef2f0000, 0x0000000100000000)
  eden space 63488K, 100% used [0x00000000eaab0000,0x00000000ee8b0000,0x00000000ee8b0000)
  from space 5248K, 99% used [0x00000000eedd0000,0x00000000ef2eb418,0x00000000ef2f0000)
  to   space 5248K, 0% used [0x00000000ee8b0000,0x00000000ee8b0000,0x00000000eedd0000)
 ParOldGen       total 84480K, used 34688K [0x00000000c0000000, 0x00000000c5280000, 0x00000000eaab0000)
  object space 84480K, 41% used [0x00000000c0000000,0x00000000c21e0390,0x00000000c5280000)
 PSPermGen       total 21248K, used 6199K [0x00000000bae00000, 0x00000000bc2c0000, 0x00000000c0000000)
  object space 21248K, 29% used [0x00000000bae00000,0x00000000bb40ddb8,0x00000000bc2c0000)
Event: 3.710 GC heap after
Heap after GC invocations=7 (full 0):
 PSYoungGen      total 68736K, used 5223K [0x00000000eaab0000, 0x00000000ef2f0000, 0x0000000100000000)
  eden space 63488K, 0% used [0x00000000eaab0000,0x00000000eaab0000,0x00000000ee8b0000)
  from space 5248K, 99% used [0x00000000ee8b0000,0x00000000eedc9d60,0x00000000eedd0000)
  to   space 5248K, 0% used [0x00000000eedd0000,0x00000000eedd0000,0x00000000ef2f0000)
 ParOldGen       total 84480K, used 44611K [0x00000000c0000000, 0x00000000c5280000, 0x00000000eaab0000)
  object space 84480K, 52% used [0x00000000c0000000,0x00000000c2b90f10,0x00000000c5280000)
 PSPermGen       total 21248K, used 6199K [0x00000000bae00000, 0x00000000bc2c0000, 0x00000000c0000000)
  object space 21248K, 29% used [0x00000000bae00000,0x00000000bb40ddb8,0x00000000bc2c0000)
}

